#
# There is insufficient memory for the Java Runtime Environment to continue.
# Native memory allocation (malloc) failed to allocate 869296 bytes for Chunk::new
# Possible reasons:
#   The system is out of physical RAM or swap space
#   The process is running with CompressedOops enabled, and the Java Heap may be blocking the growth of the native heap
# Possible solutions:
#   Reduce memory load on the system
#   Increase physical memory or swap space
#   Check if swap backing store is full
#   Decrease Java heap size (-Xmx/-Xms)
#   Decrease number of Java threads
#   Decrease Java thread stack sizes (-Xss)
#   Set larger code cache with -XX:ReservedCodeCacheSize=
#   JVM is running with Zero Based Compressed Oops mode in which the Java heap is
#     placed in the first 32GB address space. The Java Heap base address is the
#     maximum limit for the native heap growth. Please use -XX:HeapBaseMinAddress
#     to set the Java Heap base and to place the Java Heap above 32GB virtual address.
# This output file may be truncated or incomplete.
#
#  Out of Memory Error (arena.cpp:184), pid=2284, tid=13316
#
# JRE version: OpenJDK Runtime Environment (18.0.2+9) (build 18.0.2+9-61)
# Java VM: OpenJDK 64-Bit Server VM (18.0.2+9-61, mixed mode, sharing, tiered, compressed oops, compressed class ptrs, g1 gc, windows-amd64)
# No core dump will be written. Minidumps are not enabled by default on client versions of Windows
#

---------------  S U M M A R Y ------------

Command Line: -javaagent:C:\Program Files\JetBrains\IntelliJ IDEA Community Edition 2022.2.3\lib\idea_rt.jar=5427:C:\Program Files\JetBrains\IntelliJ IDEA Community Edition 2022.2.3\bin -Dfile.encoding=UTF-8 -Dsun.stdout.encoding=UTF-8 -Dsun.stderr.encoding=UTF-8 com.torocommunication.torofull.ToroFullApplication

Host: Intel(R) Core(TM) i7-6700 CPU @ 3.40GHz, 8 cores, 31G,  Windows 10 , 64 bit Build 19041 (10.0.19041.2364)
Time: Thu Jan 19 03:56:52 2023 GMT elapsed time: 158.737758 seconds (0d 0h 2m 38s)

---------------  T H R E A D  ---------------

Current thread (0x000001c87fb33de0):  JavaThread "C2 CompilerThread0" daemon [_thread_in_native, id=13316, stack(0x0000004ca7a00000,0x0000004ca7b00000)]


Current CompileTask:
C2: 158737 7557       4       org.springframework.boot.devtools.filewatch.DirectorySnapshot::collectFiles (99 bytes)

Stack: [0x0000004ca7a00000,0x0000004ca7b00000]
Native frames: (J=compiled Java code, j=interpreted, Vv=VM code, C=native code)
V  [jvm.dll+0x6993ca]
V  [jvm.dll+0x7f481d]
V  [jvm.dll+0x7f612e]
V  [jvm.dll+0x7f67e3]
V  [jvm.dll+0x25cdaf]
V  [jvm.dll+0xb8c2f]
V  [jvm.dll+0xb8fa5]
V  [jvm.dll+0x386091]
V  [jvm.dll+0x34fd01]
V  [jvm.dll+0x34f19a]
V  [jvm.dll+0x22ff51]
V  [jvm.dll+0x22f321]
V  [jvm.dll+0x1ba01c]
V  [jvm.dll+0x23ec9a]
V  [jvm.dll+0x23cf85]
V  [jvm.dll+0x7a6e21]
V  [jvm.dll+0x7a125a]
V  [jvm.dll+0x698275]
C  [ucrtbase.dll+0x21bb2]
C  [KERNEL32.DLL+0x17614]
C  [ntdll.dll+0x526a1]


---------------  P R O C E S S  ---------------

Threads class SMR info:
_java_thread_list=0x000001c82f1145d0, length=32, elements={
0x000001c87fb0daf0, 0x000001c87fb0e490, 0x000001c87fb297e0, 0x000001c87fb2bda0,
0x000001c87fb2caf0, 0x000001c87fb2e850, 0x000001c87fb33de0, 0x000001c87fb35180,
0x000001c87fb35f10, 0x000001c87faf8300, 0x000001c82dfa09a0, 0x000001c82e008330,
0x000001c8303b5d40, 0x000001c8303b53a0, 0x000001c8303b5870, 0x000001c8303b4ed0,
0x000001c8303b66e0, 0x000001c8303b7550, 0x000001c8308d6210, 0x000001c8308d83c0,
0x000001c8308d9230, 0x000001c8308d8890, 0x000001c8308d5870, 0x000001c8308d7a20,
0x000001c8308d5d40, 0x000001c8308d7550, 0x000001c8308d66e0, 0x000001c8308d8d60,
0x000001c8308d6bb0, 0x000001c8308d7ef0, 0x000001c8308d7080, 0x000001c82e6f1630
}

Java Threads: ( => current thread )
  0x000001c87fb0daf0 JavaThread "Reference Handler" daemon [_thread_blocked, id=10560, stack(0x0000004ca7400000,0x0000004ca7500000)]
  0x000001c87fb0e490 JavaThread "Finalizer" daemon [_thread_blocked, id=9468, stack(0x0000004ca7500000,0x0000004ca7600000)]
  0x000001c87fb297e0 JavaThread "Signal Dispatcher" daemon [_thread_blocked, id=2968, stack(0x0000004ca7600000,0x0000004ca7700000)]
  0x000001c87fb2bda0 JavaThread "Attach Listener" daemon [_thread_blocked, id=17904, stack(0x0000004ca7700000,0x0000004ca7800000)]
  0x000001c87fb2caf0 JavaThread "Service Thread" daemon [_thread_blocked, id=4512, stack(0x0000004ca7800000,0x0000004ca7900000)]
  0x000001c87fb2e850 JavaThread "Monitor Deflation Thread" daemon [_thread_blocked, id=9312, stack(0x0000004ca7900000,0x0000004ca7a00000)]
=>0x000001c87fb33de0 JavaThread "C2 CompilerThread0" daemon [_thread_in_native, id=13316, stack(0x0000004ca7a00000,0x0000004ca7b00000)]
  0x000001c87fb35180 JavaThread "C1 CompilerThread0" daemon [_thread_blocked, id=12708, stack(0x0000004ca7b00000,0x0000004ca7c00000)]
  0x000001c87fb35f10 JavaThread "Sweeper thread" daemon [_thread_blocked, id=1636, stack(0x0000004ca7c00000,0x0000004ca7d00000)]
  0x000001c87faf8300 JavaThread "Common-Cleaner" daemon [_thread_blocked, id=17908, stack(0x0000004ca7d00000,0x0000004ca7e00000)]
  0x000001c82dfa09a0 JavaThread "Monitor Ctrl-Break" daemon [_thread_in_native, id=17368, stack(0x0000004ca7f00000,0x0000004ca8000000)]
  0x000001c82e008330 JavaThread "Notification Thread" daemon [_thread_blocked, id=22460, stack(0x0000004ca8000000,0x0000004ca8100000)]
  0x000001c8303b5d40 JavaThread "Catalina-utility-1" [_thread_blocked, id=18368, stack(0x0000004ca8e00000,0x0000004ca8f00000)]
  0x000001c8303b53a0 JavaThread "Catalina-utility-2" [_thread_blocked, id=6360, stack(0x0000004ca8f00000,0x0000004ca9000000)]
  0x000001c8303b5870 JavaThread "container-0" [_thread_blocked, id=2348, stack(0x0000004ca9000000,0x0000004ca9100000)]
  0x000001c8303b4ed0 JavaThread "mysql-cj-abandoned-connection-cleanup" daemon [_thread_blocked, id=26052, stack(0x0000004ca9100000,0x0000004ca9200000)]
  0x000001c8303b66e0 JavaThread "HikariPool-1 housekeeper" daemon [_thread_blocked, id=18348, stack(0x0000004ca9200000,0x0000004ca9300000)]
  0x000001c8303b7550 JavaThread "File Watcher" daemon [_thread_blocked, id=10748, stack(0x0000004ca9500000,0x0000004ca9600000)]
  0x000001c8308d6210 JavaThread "Live Reload Server" daemon [_thread_in_native, id=10644, stack(0x0000004ca9700000,0x0000004ca9800000)]
  0x000001c8308d83c0 JavaThread "http-nio-8080-exec-1" daemon [_thread_blocked, id=2164, stack(0x0000004ca9600000,0x0000004ca9700000)]
  0x000001c8308d9230 JavaThread "http-nio-8080-exec-2" daemon [_thread_blocked, id=6380, stack(0x0000004ca9800000,0x0000004ca9900000)]
  0x000001c8308d8890 JavaThread "http-nio-8080-exec-3" daemon [_thread_blocked, id=20172, stack(0x0000004ca9900000,0x0000004ca9a00000)]
  0x000001c8308d5870 JavaThread "http-nio-8080-exec-4" daemon [_thread_blocked, id=21856, stack(0x0000004ca9a00000,0x0000004ca9b00000)]
  0x000001c8308d7a20 JavaThread "http-nio-8080-exec-5" daemon [_thread_blocked, id=26608, stack(0x0000004ca9b00000,0x0000004ca9c00000)]
  0x000001c8308d5d40 JavaThread "http-nio-8080-exec-6" daemon [_thread_blocked, id=25468, stack(0x0000004ca9c00000,0x0000004ca9d00000)]
  0x000001c8308d7550 JavaThread "http-nio-8080-exec-7" daemon [_thread_blocked, id=10428, stack(0x0000004ca9d00000,0x0000004ca9e00000)]
  0x000001c8308d66e0 JavaThread "http-nio-8080-exec-8" daemon [_thread_blocked, id=22288, stack(0x0000004ca9e00000,0x0000004ca9f00000)]
  0x000001c8308d8d60 JavaThread "http-nio-8080-exec-9" daemon [_thread_blocked, id=18040, stack(0x0000004ca9f00000,0x0000004caa000000)]
  0x000001c8308d6bb0 JavaThread "http-nio-8080-exec-10" daemon [_thread_blocked, id=2668, stack(0x0000004caa000000,0x0000004caa100000)]
  0x000001c8308d7ef0 JavaThread "http-nio-8080-Poller" daemon [_thread_in_native, id=13536, stack(0x0000004caa100000,0x0000004caa200000)]
  0x000001c8308d7080 JavaThread "http-nio-8080-Acceptor" daemon [_thread_in_native, id=22788, stack(0x0000004caa200000,0x0000004caa300000)]
  0x000001c82e6f1630 JavaThread "DestroyJavaVM" [_thread_blocked, id=13812, stack(0x0000004ca6d00000,0x0000004ca6e00000)]

Other Threads:
  0x000001c87fb094a0 VMThread "VM Thread" [stack: 0x0000004ca7300000,0x0000004ca7400000] [id=23744]
  0x000001c82e02bb80 WatcherThread "VM Periodic Task Thread" [stack: 0x0000004ca8100000,0x0000004ca8200000] [id=22904]
  0x000001c87d62f890 WorkerThread "GC Thread#0" [stack: 0x0000004ca6e00000,0x0000004ca6f00000] [id=4916]
  0x000001c82e476570 WorkerThread "GC Thread#1" [stack: 0x0000004ca8400000,0x0000004ca8500000] [id=25904]
  0x000001c82e476810 WorkerThread "GC Thread#2" [stack: 0x0000004ca8500000,0x0000004ca8600000] [id=2932]
  0x000001c82e476ab0 WorkerThread "GC Thread#3" [stack: 0x0000004ca8600000,0x0000004ca8700000] [id=21192]
  0x000001c82e476d50 WorkerThread "GC Thread#4" [stack: 0x0000004ca8700000,0x0000004ca8800000] [id=7804]
  0x000001c82e3ba9a0 WorkerThread "GC Thread#5" [stack: 0x0000004ca8800000,0x0000004ca8900000] [id=18500]
  0x000001c82e3bb0c0 WorkerThread "GC Thread#6" [stack: 0x0000004ca8900000,0x0000004ca8a00000] [id=23172]
  0x000001c82eb10e40 WorkerThread "GC Thread#7" [stack: 0x0000004ca8a00000,0x0000004ca8b00000] [id=19392]
  0x000001c87f974050 ConcurrentGCThread "G1 Main Marker" [stack: 0x0000004ca6f00000,0x0000004ca7000000] [id=7728]
  0x000001c87d63c6a0 WorkerThread "G1 Conc#0" [stack: 0x0000004ca7000000,0x0000004ca7100000] [id=7332]
  0x000001c82f67d150 WorkerThread "G1 Conc#1" [stack: 0x0000004ca8d00000,0x0000004ca8e00000] [id=18724]
  0x000001c87f9c31d0 ConcurrentGCThread "G1 Refine#0" [stack: 0x0000004ca7100000,0x0000004ca7200000] [id=23420]
  0x000001c82e450030 ConcurrentGCThread "G1 Refine#1" [stack: 0x0000004ca8b00000,0x0000004ca8c00000] [id=14868]
  0x000001c87f9c3980 ConcurrentGCThread "G1 Service" [stack: 0x0000004ca7200000,0x0000004ca7300000] [id=8972]

Threads with active compile tasks:
C2 CompilerThread0   158775 7557       4       org.springframework.boot.devtools.filewatch.DirectorySnapshot::collectFiles (99 bytes)

VM state: not at safepoint (normal execution)

VM Mutex/Monitor currently owned by a thread: None

Heap address: 0x0000000601c00000, size: 8164 MB, Compressed Oops mode: Zero based, Oop shift amount: 3

CDS archive(s) mapped at: [0x0000000800000000-0x0000000800ba0000-0x0000000800ba0000), size 12189696, SharedBaseAddress: 0x0000000800000000, ArchiveRelocationMode: 0.
Compressed class space mapped at: 0x0000000800c00000-0x0000000840c00000, reserved size: 1073741824
Narrow klass base: 0x0000000800000000, Narrow klass shift: 0, Narrow klass range: 0x100000000

GC Precious Log:
 CardTable entry size: 512
 Card Set container configuration: InlinePtr #cards 4 size 8 Array Of Cards #cards 32 size 80 Howl #buckets 8 coarsen threshold 7372 Howl Bitmap #cards 1024 size 144 coarsen threshold 921 Card regions per heap region 1 cards per card region 8192
 CPUs: 8 total, 8 available
 Memory: 32647M
 Large Page Support: Disabled
 NUMA Support: Disabled
 Compressed Oops: Enabled (Zero based)
 Heap Region Size: 4M
 Heap Min Capacity: 8M
 Heap Initial Capacity: 512M
 Heap Max Capacity: 8164M
 Pre-touch: Disabled
 Parallel Workers: 8
 Concurrent Workers: 2
 Concurrent Refinement Workers: 8
 Periodic GC: Disabled

Heap:
 garbage-first heap   total 139264K, used 68120K [0x0000000601c00000, 0x0000000800000000)
  region size 4096K, 12 young (49152K), 2 survivors (8192K)
 Metaspace       used 61964K, committed 62464K, reserved 1114112K
  class space    used 8019K, committed 8256K, reserved 1048576K

Heap Regions: E=young(eden), S=young(survivor), O=old, HS=humongous(starts), HC=humongous(continues), CS=collection set, F=free, OA=open archive, CA=closed archive, TAMS=top-at-mark-start (previous, next)
|   0|0x0000000601c00000, 0x0000000602000000, 0x0000000602000000|100%| O|  |TAMS 0x0000000602000000, 0x0000000601c00000| Untracked 
|   1|0x0000000602000000, 0x0000000602400000, 0x0000000602400000|100%| O|  |TAMS 0x0000000602400000, 0x0000000602000000| Untracked 
|   2|0x0000000602400000, 0x0000000602800000, 0x0000000602800000|100%| O|  |TAMS 0x0000000602800000, 0x0000000602400000| Untracked 
|   3|0x0000000602800000, 0x0000000602c00000, 0x0000000602c00000|100%| O|  |TAMS 0x0000000602c00000, 0x0000000602800000| Untracked 
|   4|0x0000000602c00000, 0x0000000603000000, 0x0000000603000000|100%| O|  |TAMS 0x0000000603000000, 0x0000000602c00000| Untracked 
|   5|0x0000000603000000, 0x0000000603400000, 0x0000000603400000|100%| O|  |TAMS 0x0000000603400000, 0x0000000603000000| Untracked 
|   6|0x0000000603400000, 0x00000006034f4200, 0x0000000603800000| 23%| O|  |TAMS 0x00000006034f4200, 0x0000000603400000| Untracked 
|   7|0x0000000603800000, 0x0000000603800000, 0x0000000603c00000|  0%| F|  |TAMS 0x0000000603800000, 0x0000000603800000| Untracked 
|   8|0x0000000603c00000, 0x0000000603c00000, 0x0000000604000000|  0%| F|  |TAMS 0x0000000603c00000, 0x0000000603c00000| Untracked 
|   9|0x0000000604000000, 0x0000000604000000, 0x0000000604400000|  0%| F|  |TAMS 0x0000000604000000, 0x0000000604000000| Untracked 
|  10|0x0000000604400000, 0x0000000604400000, 0x0000000604800000|  0%| F|  |TAMS 0x0000000604400000, 0x0000000604400000| Untracked 
|  11|0x0000000604800000, 0x0000000604800000, 0x0000000604c00000|  0%| F|  |TAMS 0x0000000604800000, 0x0000000604800000| Untracked 
|  12|0x0000000604c00000, 0x0000000604c00000, 0x0000000605000000|  0%| F|  |TAMS 0x0000000604c00000, 0x0000000604c00000| Untracked 
|  13|0x0000000605000000, 0x0000000605000000, 0x0000000605400000|  0%| F|  |TAMS 0x0000000605000000, 0x0000000605000000| Untracked 
|  14|0x0000000605400000, 0x0000000605400000, 0x0000000605800000|  0%| F|  |TAMS 0x0000000605400000, 0x0000000605400000| Untracked 
|  15|0x0000000605800000, 0x0000000605800000, 0x0000000605c00000|  0%| F|  |TAMS 0x0000000605800000, 0x0000000605800000| Untracked 
|  16|0x0000000605c00000, 0x0000000605c00000, 0x0000000606000000|  0%| F|  |TAMS 0x0000000605c00000, 0x0000000605c00000| Untracked 
|  17|0x0000000606000000, 0x0000000606000000, 0x0000000606400000|  0%| F|  |TAMS 0x0000000606000000, 0x0000000606000000| Untracked 
|  18|0x0000000606400000, 0x0000000606400000, 0x0000000606800000|  0%| F|  |TAMS 0x0000000606400000, 0x0000000606400000| Untracked 
|  19|0x0000000606800000, 0x0000000606800000, 0x0000000606c00000|  0%| F|  |TAMS 0x0000000606800000, 0x0000000606800000| Untracked 
|  20|0x0000000606c00000, 0x0000000606c00000, 0x0000000607000000|  0%| F|  |TAMS 0x0000000606c00000, 0x0000000606c00000| Untracked 
|  21|0x0000000607000000, 0x0000000607000000, 0x0000000607400000|  0%| F|  |TAMS 0x0000000607000000, 0x0000000607000000| Untracked 
|  22|0x0000000607400000, 0x0000000607800000, 0x0000000607800000|100%| E|  |TAMS 0x0000000607400000, 0x0000000607400000| Complete 
|  23|0x0000000607800000, 0x0000000607c00000, 0x0000000607c00000|100%| E|CS|TAMS 0x0000000607800000, 0x0000000607800000| Complete 
|  24|0x0000000607c00000, 0x0000000608000000, 0x0000000608000000|100%| E|CS|TAMS 0x0000000607c00000, 0x0000000607c00000| Complete 
|  25|0x0000000608000000, 0x0000000608400000, 0x0000000608400000|100%| E|CS|TAMS 0x0000000608000000, 0x0000000608000000| Complete 
|  26|0x0000000608400000, 0x0000000608800000, 0x0000000608800000|100%| E|CS|TAMS 0x0000000608400000, 0x0000000608400000| Complete 
|  27|0x0000000608800000, 0x0000000608c00000, 0x0000000608c00000|100%| E|CS|TAMS 0x0000000608800000, 0x0000000608800000| Complete 
|  28|0x0000000608c00000, 0x0000000609000000, 0x0000000609000000|100%| E|CS|TAMS 0x0000000608c00000, 0x0000000608c00000| Complete 
|  29|0x0000000609000000, 0x0000000609400000, 0x0000000609400000|100%| E|CS|TAMS 0x0000000609000000, 0x0000000609000000| Complete 
|  30|0x0000000609400000, 0x0000000609800000, 0x0000000609800000|100%| E|CS|TAMS 0x0000000609400000, 0x0000000609400000| Complete 
|  54|0x000000060f400000, 0x000000060f591e88, 0x000000060f800000| 39%| S|CS|TAMS 0x000000060f400000, 0x000000060f400000| Complete 
|  55|0x000000060f800000, 0x000000060fc00000, 0x000000060fc00000|100%| S|CS|TAMS 0x000000060f800000, 0x000000060f800000| Complete 
| 127|0x0000000621800000, 0x0000000621c00000, 0x0000000621c00000|100%| E|CS|TAMS 0x0000000621800000, 0x0000000621800000| Complete 

Card table byte_map: [0x000001c87e970000,0x000001c87f970000] _byte_map_base: 0x000001c87b962000

Marking Bits (Prev, Next): (CMBitMap*) 0x000001c87d62fd70, (CMBitMap*) 0x000001c87d62fd30
 Prev Bits: [0x000001c81f800000, 0x000001c827790000)
 Next Bits: [0x000001c817870000, 0x000001c81f800000)

Polling page: 0x000001c87b4f0000

Metaspace:

Usage:
  Non-class:     52.68 MB used.
      Class:      7.83 MB used.
       Both:     60.51 MB used.

Virtual space:
  Non-class space:       64.00 MB reserved,      52.94 MB ( 83%) committed,  1 nodes.
      Class space:        1.00 GB reserved,       8.06 MB ( <1%) committed,  1 nodes.
             Both:        1.06 GB reserved,      61.00 MB (  6%) committed. 

Chunk freelists:
   Non-Class:  2.86 MB
       Class:  3.98 MB
        Both:  6.84 MB

MaxMetaspaceSize: unlimited
CompressedClassSpaceSize: 1.00 GB
Initial GC threshold: 21.00 MB
Current GC threshold: 99.38 MB
CDS: on
MetaspaceReclaimPolicy: balanced
 - commit_granule_bytes: 65536.
 - commit_granule_words: 8192.
 - virtual_space_node_default_size: 8388608.
 - enlarge_chunks_in_place: 1.
 - new_chunks_are_fully_committed: 0.
 - uncommit_free_chunks: 1.
 - use_allocation_guard: 0.


Internal statistics:

num_allocs_failed_limit: 12.
num_arena_births: 630.
num_arena_deaths: 4.
num_vsnodes_births: 2.
num_vsnodes_deaths: 0.
num_space_committed: 976.
num_space_uncommitted: 0.
num_chunks_returned_to_freelist: 18.
num_chunks_taken_from_freelist: 2916.
num_chunk_merges: 10.
num_chunk_splits: 2078.
num_chunks_enlarged: 1678.
num_inconsistent_stats: 0.

CodeHeap 'non-profiled nmethods': size=120000Kb used=4236Kb max_used=4236Kb free=115763Kb
 bounds [0x000001c80f340000, 0x000001c80f770000, 0x000001c816870000]
CodeHeap 'profiled nmethods': size=120000Kb used=13562Kb max_used=13562Kb free=106437Kb
 bounds [0x000001c807e10000, 0x000001c808b60000, 0x000001c80f340000]
CodeHeap 'non-nmethods': size=5760Kb used=1321Kb max_used=1393Kb free=4438Kb
 bounds [0x000001c807870000, 0x000001c807ae0000, 0x000001c807e10000]
 total_blobs=7381 nmethods=6742 adapters=550
 compilation: enabled
              stopped_count=0, restarted_count=0
 full_count=0

Compilation events (20 events):
Event: 151.919 Thread 0x000001c87fb33de0 nmethod 7547 0x000001c80f761990 code [0x000001c80f761b20, 0x000001c80f761ca8]
Event: 151.919 Thread 0x000001c87fb35180 7549       1       org.apache.coyote.Response::getStatus (5 bytes)
Event: 151.919 Thread 0x000001c87fb33de0 7548       4       java.util.concurrent.locks.ReentrantLock::unlock (10 bytes)
Event: 151.920 Thread 0x000001c87fb35180 nmethod 7549 0x000001c80f761e90 code [0x000001c80f762020, 0x000001c80f7620f8]
Event: 151.920 Thread 0x000001c87fb35180 7550       3       org.apache.tomcat.util.http.MimeHeaderField::recycle (15 bytes)
Event: 151.920 Thread 0x000001c87fb35180 nmethod 7550 0x000001c808b4c590 code [0x000001c808b4c740, 0x000001c808b4c8d8]
Event: 151.922 Thread 0x000001c87fb33de0 nmethod 7548 0x000001c80f762190 code [0x000001c80f762320, 0x000001c80f762518]
Event: 153.397 Thread 0x000001c87fb35180 7551       3       java.util.concurrent.locks.ReentrantReadWriteLock$ReadLock::lock (9 bytes)
Event: 153.398 Thread 0x000001c87fb35180 nmethod 7551 0x000001c808b4ca10 code [0x000001c808b4cbc0, 0x000001c808b4cd08]
Event: 153.398 Thread 0x000001c87fb35180 7554       3       java.util.concurrent.locks.ReentrantReadWriteLock$Sync::tryReleaseShared (146 bytes)
Event: 153.398 Thread 0x000001c87fb35180 nmethod 7554 0x000001c808b4ce10 code [0x000001c808b4d040, 0x000001c808b4da98]
Event: 153.398 Thread 0x000001c87fb35180 7552       3       java.util.concurrent.locks.AbstractQueuedSynchronizer::acquireShared (20 bytes)
Event: 153.398 Thread 0x000001c87fb35180 nmethod 7552 0x000001c808b4dd90 code [0x000001c808b4df40, 0x000001c808b4e1b8]
Event: 153.398 Thread 0x000001c87fb35180 7553       3       java.util.concurrent.locks.ReentrantReadWriteLock$Sync::tryAcquireShared (177 bytes)
Event: 153.399 Thread 0x000001c87fb35180 nmethod 7553 0x000001c808b4e290 code [0x000001c808b4e4c0, 0x000001c808b4ef28]
Event: 153.551 Thread 0x000001c87fb33de0 7555       4       java.io.File::listFiles (52 bytes)
Event: 153.563 Thread 0x000001c87fb33de0 nmethod 7555 0x000001c80f762690 code [0x000001c80f762840, 0x000001c80f762f98]
Event: 155.800 Thread 0x000001c87fb35180 7556       3       java.util.concurrent.locks.AbstractQueuedSynchronizer$ConditionObject::awaitNanos (200 bytes)
Event: 155.802 Thread 0x000001c87fb35180 nmethod 7556 0x000001c808b4f190 code [0x000001c808b4f480, 0x000001c808b50528]
Event: 158.677 Thread 0x000001c87fb33de0 7557       4       org.springframework.boot.devtools.filewatch.DirectorySnapshot::collectFiles (99 bytes)

GC Heap History (20 events):
Event: 3.162 GC heap before
{Heap before GC invocations=6 (full 0):
 garbage-first heap   total 69632K, used 20951K [0x0000000601c00000, 0x0000000800000000)
  region size 4096K, 3 young (12288K), 2 survivors (8192K)
 Metaspace       used 27255K, committed 27648K, reserved 1114112K
  class space    used 3386K, committed 3584K, reserved 1048576K
}
Event: 3.169 GC heap after
{Heap after GC invocations=7 (full 0):
 garbage-first heap   total 69632K, used 17348K [0x0000000601c00000, 0x0000000800000000)
  region size 4096K, 1 young (4096K), 1 survivors (4096K)
 Metaspace       used 27255K, committed 27648K, reserved 1114112K
  class space    used 3386K, committed 3584K, reserved 1048576K
}
Event: 3.658 GC heap before
{Heap before GC invocations=7 (full 0):
 garbage-first heap   total 69632K, used 41924K [0x0000000601c00000, 0x0000000800000000)
  region size 4096K, 7 young (28672K), 1 survivors (4096K)
 Metaspace       used 30658K, committed 31040K, reserved 1114112K
  class space    used 3822K, committed 4032K, reserved 1048576K
}
Event: 3.660 GC heap after
{Heap after GC invocations=8 (full 0):
 garbage-first heap   total 69632K, used 17963K [0x0000000601c00000, 0x0000000800000000)
  region size 4096K, 1 young (4096K), 1 survivors (4096K)
 Metaspace       used 30658K, committed 31040K, reserved 1114112K
  class space    used 3822K, committed 4032K, reserved 1048576K
}
Event: 4.047 GC heap before
{Heap before GC invocations=8 (full 0):
 garbage-first heap   total 69632K, used 34347K [0x0000000601c00000, 0x0000000800000000)
  region size 4096K, 6 young (24576K), 1 survivors (4096K)
 Metaspace       used 35749K, committed 36096K, reserved 1114112K
  class space    used 4621K, committed 4800K, reserved 1048576K
}
Event: 4.050 GC heap after
{Heap after GC invocations=9 (full 0):
 garbage-first heap   total 69632K, used 19208K [0x0000000601c00000, 0x0000000800000000)
  region size 4096K, 1 young (4096K), 1 survivors (4096K)
 Metaspace       used 35749K, committed 36096K, reserved 1114112K
  class space    used 4621K, committed 4800K, reserved 1048576K
}
Event: 4.649 GC heap before
{Heap before GC invocations=10 (full 0):
 garbage-first heap   total 69632K, used 47880K [0x0000000601c00000, 0x0000000800000000)
  region size 4096K, 8 young (32768K), 1 survivors (4096K)
 Metaspace       used 43786K, committed 44160K, reserved 1114112K
  class space    used 5773K, committed 5952K, reserved 1048576K
}
Event: 4.653 GC heap after
{Heap after GC invocations=11 (full 0):
 garbage-first heap   total 69632K, used 21915K [0x0000000601c00000, 0x0000000800000000)
  region size 4096K, 1 young (4096K), 1 survivors (4096K)
 Metaspace       used 43786K, committed 44160K, reserved 1114112K
  class space    used 5773K, committed 5952K, reserved 1048576K
}
Event: 5.096 GC heap before
{Heap before GC invocations=11 (full 0):
 garbage-first heap   total 69632K, used 46491K [0x0000000601c00000, 0x0000000800000000)
  region size 4096K, 7 young (28672K), 1 survivors (4096K)
 Metaspace       used 47226K, committed 47616K, reserved 1114112K
  class space    used 6224K, committed 6400K, reserved 1048576K
}
Event: 5.100 GC heap after
{Heap after GC invocations=12 (full 0):
 garbage-first heap   total 69632K, used 22949K [0x0000000601c00000, 0x0000000800000000)
  region size 4096K, 1 young (4096K), 1 survivors (4096K)
 Metaspace       used 47226K, committed 47616K, reserved 1114112K
  class space    used 6224K, committed 6400K, reserved 1048576K
}
Event: 5.544 GC heap before
{Heap before GC invocations=12 (full 0):
 garbage-first heap   total 69632K, used 43429K [0x0000000601c00000, 0x0000000800000000)
  region size 4096K, 7 young (28672K), 1 survivors (4096K)
 Metaspace       used 51471K, committed 51776K, reserved 1114112K
  class space    used 6757K, committed 6912K, reserved 1048576K
}
Event: 5.546 GC heap after
{Heap after GC invocations=13 (full 0):
 garbage-first heap   total 69632K, used 24456K [0x0000000601c00000, 0x0000000800000000)
  region size 4096K, 1 young (4096K), 1 survivors (4096K)
 Metaspace       used 51471K, committed 51776K, reserved 1114112K
  class space    used 6757K, committed 6912K, reserved 1048576K
}
Event: 5.759 GC heap before
{Heap before GC invocations=13 (full 0):
 garbage-first heap   total 69632K, used 49032K [0x0000000601c00000, 0x0000000800000000)
  region size 4096K, 7 young (28672K), 1 survivors (4096K)
 Metaspace       used 52232K, committed 52608K, reserved 1114112K
  class space    used 6828K, committed 6976K, reserved 1048576K
}
Event: 5.763 GC heap after
{Heap after GC invocations=14 (full 0):
 garbage-first heap   total 69632K, used 25725K [0x0000000601c00000, 0x0000000800000000)
  region size 4096K, 1 young (4096K), 1 survivors (4096K)
 Metaspace       used 52232K, committed 52608K, reserved 1114112K
  class space    used 6828K, committed 6976K, reserved 1048576K
}
Event: 5.969 GC heap before
{Heap before GC invocations=14 (full 0):
 garbage-first heap   total 69632K, used 50301K [0x0000000601c00000, 0x0000000800000000)
  region size 4096K, 7 young (28672K), 1 survivors (4096K)
 Metaspace       used 52892K, committed 53312K, reserved 1114112K
  class space    used 6895K, committed 7104K, reserved 1048576K
}
Event: 5.972 GC heap after
{Heap after GC invocations=15 (full 0):
 garbage-first heap   total 69632K, used 26710K [0x0000000601c00000, 0x0000000800000000)
  region size 4096K, 1 young (4096K), 1 survivors (4096K)
 Metaspace       used 52892K, committed 53312K, reserved 1114112K
  class space    used 6895K, committed 7104K, reserved 1048576K
}
Event: 6.158 GC heap before
{Heap before GC invocations=15 (full 0):
 garbage-first heap   total 69632K, used 51286K [0x0000000601c00000, 0x0000000800000000)
  region size 4096K, 7 young (28672K), 1 survivors (4096K)
 Metaspace       used 53833K, committed 54336K, reserved 1114112K
  class space    used 7004K, committed 7232K, reserved 1048576K
}
Event: 6.162 GC heap after
{Heap after GC invocations=16 (full 0):
 garbage-first heap   total 299008K, used 27590K [0x0000000601c00000, 0x0000000800000000)
  region size 4096K, 1 young (4096K), 1 survivors (4096K)
 Metaspace       used 53833K, committed 54336K, reserved 1114112K
  class space    used 7004K, committed 7232K, reserved 1048576K
}
Event: 15.015 GC heap before
{Heap before GC invocations=16 (full 0):
 garbage-first heap   total 299008K, used 93126K [0x0000000601c00000, 0x0000000800000000)
  region size 4096K, 18 young (73728K), 1 survivors (4096K)
 Metaspace       used 60353K, committed 60800K, reserved 1114112K
  class space    used 7835K, committed 8064K, reserved 1048576K
}
Event: 15.021 GC heap after
{Heap after GC invocations=17 (full 0):
 garbage-first heap   total 299008K, used 31256K [0x0000000601c00000, 0x0000000800000000)
  region size 4096K, 2 young (8192K), 2 survivors (8192K)
 Metaspace       used 60353K, committed 60800K, reserved 1114112K
  class space    used 7835K, committed 8064K, reserved 1048576K
}

Deoptimization events (20 events):
Event: 80.041 Thread 0x000001c8308d8890 Uncommon trap: trap_request=0xffffff45 fr.pc=0x000001c80f4f6bac relative=0x000000000000154c
Event: 80.041 Thread 0x000001c8308d8890 Uncommon trap: reason=unstable_if action=reinterpret pc=0x000001c80f4f6bac method=org.springframework.util.ConcurrentReferenceHashMap$Segment.doTask(ILjava/lang/Object;Lorg/springframework/util/ConcurrentReferenceHashMap$Task;)Ljava/lang/Object; @ 89 c2
Event: 80.041 Thread 0x000001c8308d8890 DEOPT PACKING pc=0x000001c80f4f6bac sp=0x0000004ca99fa830
Event: 80.041 Thread 0x000001c8308d8890 DEOPT UNPACKING pc=0x000001c8078c23a3 sp=0x0000004ca99fa630 mode 2
Event: 80.041 Thread 0x000001c8308d83c0 Uncommon trap: trap_request=0xffffff45 fr.pc=0x000001c80f4ad11c relative=0x00000000000000fc
Event: 80.041 Thread 0x000001c8308d83c0 Uncommon trap: reason=unstable_if action=reinterpret pc=0x000001c80f4ad11c method=java.util.concurrent.ConcurrentMap.computeIfAbsent(Ljava/lang/Object;Ljava/util/function/Function;)Ljava/lang/Object; @ 41 c2
Event: 80.041 Thread 0x000001c8308d83c0 DEOPT PACKING pc=0x000001c80f4ad11c sp=0x0000004ca96fa510
Event: 80.041 Thread 0x000001c8308d83c0 DEOPT UNPACKING pc=0x000001c8078c23a3 sp=0x0000004ca96fa4b0 mode 2
Event: 80.043 Thread 0x000001c8308d83c0 Uncommon trap: trap_request=0xffffff45 fr.pc=0x000001c80f4d19e0 relative=0x0000000000000060
Event: 80.043 Thread 0x000001c8308d83c0 Uncommon trap: reason=unstable_if action=reinterpret pc=0x000001c80f4d19e0 method=java.util.concurrent.ConcurrentHashMap.sumCount()J @ 11 c2
Event: 80.043 Thread 0x000001c8308d83c0 DEOPT PACKING pc=0x000001c80f4d19e0 sp=0x0000004ca96f93c0
Event: 80.043 Thread 0x000001c8308d83c0 DEOPT UNPACKING pc=0x000001c8078c23a3 sp=0x0000004ca96f9320 mode 2
Event: 80.094 Thread 0x000001c8308d8890 Uncommon trap: trap_request=0xffffff45 fr.pc=0x000001c80f5148fc relative=0x00000000000000dc
Event: 80.094 Thread 0x000001c8308d8890 Uncommon trap: reason=unstable_if action=reinterpret pc=0x000001c80f5148fc method=java.lang.Class.annotationData()Ljava/lang/Class$AnnotationData; @ 36 c2
Event: 80.094 Thread 0x000001c8308d8890 DEOPT PACKING pc=0x000001c80f5148fc sp=0x0000004ca99faa20
Event: 80.094 Thread 0x000001c8308d8890 DEOPT UNPACKING pc=0x000001c8078c23a3 sp=0x0000004ca99fa9d0 mode 2
Event: 80.094 Thread 0x000001c8308d8890 Uncommon trap: trap_request=0xffffff45 fr.pc=0x000001c80f515408 relative=0x00000000000003a8
Event: 80.094 Thread 0x000001c8308d8890 Uncommon trap: reason=unstable_if action=reinterpret pc=0x000001c80f515408 method=java.lang.Class.annotationData()Ljava/lang/Class$AnnotationData; @ 36 c2
Event: 80.094 Thread 0x000001c8308d8890 DEOPT PACKING pc=0x000001c80f515408 sp=0x0000004ca99fab70
Event: 80.094 Thread 0x000001c8308d8890 DEOPT UNPACKING pc=0x000001c8078c23a3 sp=0x0000004ca99faac8 mode 2

Classes loaded (20 events):
Event: 15.008 Loading class com/sun/crypto/provider/HmacCore$HmacSHA512
Event: 15.008 Loading class com/sun/crypto/provider/HmacCore
Event: 15.008 Loading class javax/crypto/MacSpi
Event: 15.008 Loading class javax/crypto/MacSpi done
Event: 15.008 Loading class com/sun/crypto/provider/HmacCore done
Event: 15.008 Loading class com/sun/crypto/provider/HmacCore$HmacSHA512 done
Event: 15.008 Loading class sun/security/provider/SHA5$SHA512
Event: 15.008 Loading class sun/security/provider/SHA5
Event: 15.008 Loading class sun/security/provider/SHA5 done
Event: 15.008 Loading class sun/security/provider/SHA5$SHA512 done
Event: 15.014 Loading class java/lang/Character$UnicodeBlock
Event: 15.022 Loading class java/lang/Character$Subset
Event: 15.022 Loading class java/lang/Character$Subset done
Event: 15.022 Loading class java/lang/Character$UnicodeBlock done
Event: 15.185 Loading class java/util/OptionalLong
Event: 15.185 Loading class java/util/OptionalLong done
Event: 15.185 Loading class java/util/OptionalDouble
Event: 15.185 Loading class java/util/OptionalDouble done
Event: 15.204 Loading class org/w3c/dom/Document
Event: 15.204 Loading class org/w3c/dom/Document done

Classes unloaded (2 events):
Event: 15.057 Thread 0x000001c87fb094a0 Unloading class 0x00000008012d8400 'jdk/internal/reflect/GeneratedSerializationConstructorAccessor2'
Event: 15.057 Thread 0x000001c87fb094a0 Unloading class 0x00000008012d8000 'jdk/internal/reflect/GeneratedSerializationConstructorAccessor1'

Classes redefined (0 events):
No events

Internal exceptions (20 events):
Event: 6.092 Thread 0x000001c82e404980 Exception <a 'java/lang/ClassNotFoundException'{0x0000000604880220}: org/springframework/beans/factory/AwareCustomizer> (0x0000000604880220) 
thrown [s\open\src\hotspot\share\classfile\systemDictionary.cpp, line 255]
Event: 6.093 Thread 0x000001c82e404980 Exception <a 'java/lang/ClassNotFoundException'{0x0000000604883b28}: org/springframework/beans/factory/BeanClassLoaderAwareCustomizer> (0x0000000604883b28) 
thrown [s\open\src\hotspot\share\classfile\systemDictionary.cpp, line 255]
Event: 6.093 Thread 0x000001c82e404980 Exception <a 'java/lang/ClassNotFoundException'{0x0000000604887f90}: org/springframework/beans/factory/AwareCustomizer> (0x0000000604887f90) 
thrown [s\open\src\hotspot\share\classfile\systemDictionary.cpp, line 255]
Event: 6.128 Thread 0x000001c82e404980 Implicit null exception at 0x000001c80f3f7546 to 0x000001c80f3f760f
Event: 6.306 Thread 0x000001c82e404980 Exception <a 'java/lang/NoSuchMethodError'{0x000000061ff821d0}: 'long java.lang.invoke.DelegatingMethodHandle$Holder.reinvoke_L(java.lang.Object, java.lang.Object)'> (0x000000061ff821d0) 
thrown [s\open\src\hotspot\share\interpreter\linkResolver.cpp, line 759]
Event: 6.412 Thread 0x000001c82e404980 Exception <a 'java/lang/IncompatibleClassChangeError'{0x0000000612e10250}: Found class java.lang.Object, but interface was expected> (0x0000000612e10250) 
thrown [s\open\src\hotspot\share\interpreter\linkResolver.cpp, line 826]
Event: 6.476 Thread 0x000001c82e404980 Exception <a 'java/lang/ClassNotFoundException'{0x0000000612a8d708}: java/lang/ObjectCustomizer> (0x0000000612a8d708) 
thrown [s\open\src\hotspot\share\classfile\systemDictionary.cpp, line 255]
Event: 6.477 Thread 0x000001c82e404980 Exception <a 'java/lang/ClassNotFoundException'{0x0000000612a94c80}: org/springframework/security/config/annotation/web/configuration/HttpSecurityConfigurationCustomizer> (0x0000000612a94c80) 
thrown [s\open\src\hotspot\share\classfile\systemDictionary.cpp, line 255]
Event: 6.540 Thread 0x000001c82e404980 Exception <a 'java/lang/NoSuchMethodError'{0x00000006124e2e40}: 'void java.lang.invoke.DirectMethodHandle$Holder.invokeVirtual(java.lang.Object, java.lang.Object, long)'> (0x00000006124e2e40) 
thrown [s\open\src\hotspot\share\interpreter\linkResolver.cpp, line 759]
Event: 6.631 Thread 0x000001c82e404980 Exception <a 'java/lang/NoSuchMethodError'{0x00000006121c3f60}: 'int java.lang.invoke.DirectMethodHandle$Holder.invokeStaticInit(java.lang.Object, java.lang.Object, java.lang.Object, java.lang.Object)'> (0x00000006121c3f60) 
thrown [s\open\src\hotspot\share\interpreter\linkResolver.cpp, line 759]
Event: 6.658 Thread 0x000001c82e404980 Implicit null exception at 0x000001c80f435bb6 to 0x000001c80f436224
Event: 6.768 Thread 0x000001c82e404980 Exception <a 'java/lang/NoSuchMethodError'{0x00000006114b7028}: 'java.lang.Object java.lang.invoke.DirectMethodHandle$Holder.invokeSpecial(java.lang.Object, java.lang.Object, int, java.lang.Object, int, java.lang.Object)'> (0x00000006114b7028) 
thrown [s\open\src\hotspot\share\interpreter\linkResolver.cpp, line 759]
Event: 6.769 Thread 0x000001c82e404980 Exception <a 'java/lang/NoSuchMethodError'{0x00000006114bee20}: 'java.lang.Object java.lang.invoke.DirectMethodHandle$Holder.newInvokeSpecial(java.lang.Object, java.lang.Object, int, java.lang.Object, int)'> (0x00000006114bee20) 
thrown [s\open\src\hotspot\share\interpreter\linkResolver.cpp, line 759]
Event: 6.769 Thread 0x000001c82e404980 Exception <a 'java/lang/NoSuchMethodError'{0x00000006114c2f28}: 'java.lang.Object java.lang.invoke.DirectMethodHandle$Holder.invokeSpecial(java.lang.Object, java.lang.Object, java.lang.Object, int, java.lang.Object, int)'> (0x00000006114c2f28) 
thrown [s\open\src\hotspot\share\interpreter\linkResolver.cpp, line 759]
Event: 6.869 Thread 0x000001c82e404980 Exception <a 'java/lang/NoSuchMethodError'{0x0000000610b64738}: 'java.lang.Object java.lang.invoke.DirectMethodHandle$Holder.invokeInterface(java.lang.Object, java.lang.Object, java.lang.Object, java.lang.Object)'> (0x0000000610b64738) 
thrown [s\open\src\hotspot\share\interpreter\linkResolver.cpp, line 759]
Event: 6.891 Thread 0x000001c82e404980 Exception <a 'java/lang/NoSuchMethodError'{0x0000000610403e38}: 'java.lang.Object java.lang.invoke.DirectMethodHandle$Holder.invokeStaticInit(java.lang.Object, java.lang.Object, java.lang.Object, java.lang.Object, java.lang.Object, java.lang.Object)'> (0x0000000610403e38) 
thrown [s\open\src\hotspot\share\interpreter\linkResolver.cpp, line 759]
Event: 14.908 Thread 0x000001c8308d8890 Exception <a 'java/lang/NoSuchMethodError'{0x000000061031c0f0}: 'java.lang.Object java.lang.invoke.DirectMethodHandle$Holder.invokeStatic(java.lang.Object, int, int)'> (0x000000061031c0f0) 
thrown [s\open\src\hotspot\share\interpreter\linkResolver.cpp, line 759]
Event: 15.004 Thread 0x000001c8308d5870 Exception <a 'sun/nio/fs/WindowsException'{0x000000061116d560}> (0x000000061116d560) 
thrown [s\open\src\hotspot\share\prims\jni.cpp, line 516]
Event: 15.173 Thread 0x000001c8308d5870 Implicit null exception at 0x000001c80f37dd52 to 0x000001c80f37e29c
Event: 15.174 Thread 0x000001c8308d5870 Implicit null exception at 0x000001c80f5dc765 to 0x000001c80f5dca12

VM Operations (20 events):
Event: 71.203 Executing VM operation: Cleanup
Event: 71.203 Executing VM operation: Cleanup done
Event: 76.206 Executing VM operation: Cleanup
Event: 76.206 Executing VM operation: Cleanup done
Event: 80.207 Executing VM operation: Cleanup
Event: 80.207 Executing VM operation: Cleanup done
Event: 105.223 Executing VM operation: Cleanup
Event: 105.223 Executing VM operation: Cleanup done
Event: 106.224 Executing VM operation: Cleanup
Event: 106.224 Executing VM operation: Cleanup done
Event: 108.225 Executing VM operation: Cleanup
Event: 108.225 Executing VM operation: Cleanup done
Event: 114.228 Executing VM operation: Cleanup
Event: 114.228 Executing VM operation: Cleanup done
Event: 120.230 Executing VM operation: Cleanup
Event: 120.230 Executing VM operation: Cleanup done
Event: 139.237 Executing VM operation: Cleanup
Event: 139.238 Executing VM operation: Cleanup done
Event: 152.243 Executing VM operation: Cleanup
Event: 152.243 Executing VM operation: Cleanup done

Events (20 events):
Event: 6.796 Thread 0x000001c8308d7ef0 Thread added: 0x000001c8308d7ef0
Event: 6.798 Thread 0x000001c8308d7080 Thread added: 0x000001c8308d7080
Event: 6.899 Thread 0x000001c82e404980 Thread exited: 0x000001c82e404980
Event: 6.902 Thread 0x000001c82e3c6230 Thread exited: 0x000001c82e3c6230
Event: 6.902 Thread 0x000001c87d57e580 Thread exited: 0x000001c87d57e580
Event: 6.903 Thread 0x000001c82e6f1630 Thread added: 0x000001c82e6f1630
Event: 7.350 Thread 0x000001c82eaa44b0 Thread exited: 0x000001c82eaa44b0
Event: 7.350 Thread 0x000001c82df50d10 Thread exited: 0x000001c82df50d10
Event: 9.289 Thread 0x000001c8303b7a20 Thread exited: 0x000001c8303b7a20
Event: 14.822 Thread 0x000001c82eaa44b0 Thread added: 0x000001c82eaa44b0
Event: 14.904 Thread 0x000001c8311448a0 Thread added: 0x000001c8311448a0
Event: 15.004 Thread 0x000001c87fb35f10 flushing nmethod 0x000001c808614810
Event: 15.547 Thread 0x000001c8311448a0 Thread exited: 0x000001c8311448a0
Event: 15.548 Thread 0x000001c82eaa44b0 Thread exited: 0x000001c82eaa44b0
Event: 80.040 Thread 0x000001c82ff220f0 Thread added: 0x000001c82ff220f0
Event: 82.800 Thread 0x000001c82ff220f0 Thread exited: 0x000001c82ff220f0
Event: 104.471 Thread 0x000001c831bad600 Thread added: 0x000001c831bad600
Event: 104.482 Thread 0x000001c82ff220f0 Thread added: 0x000001c82ff220f0
Event: 104.799 Thread 0x000001c82ff220f0 Thread exited: 0x000001c82ff220f0
Event: 104.799 Thread 0x000001c831bad600 Thread exited: 0x000001c831bad600


Dynamic libraries:
0x00007ff6fc4c0000 - 0x00007ff6fc4ce000 	C:\Users\Amemorte9\.jdks\openjdk-18.0.2\bin\java.exe
0x00007ffc3d9f0000 - 0x00007ffc3dbe8000 	C:\Windows\SYSTEM32\ntdll.dll
0x00007ffc3c330000 - 0x00007ffc3c3ef000 	C:\Windows\System32\KERNEL32.DLL
0x00007ffc3b390000 - 0x00007ffc3b662000 	C:\Windows\System32\KERNELBASE.dll
0x00007ffc3b670000 - 0x00007ffc3b770000 	C:\Windows\System32\ucrtbase.dll
0x00007ffc2d550000 - 0x00007ffc2d567000 	C:\Users\Amemorte9\.jdks\openjdk-18.0.2\bin\jli.dll
0x00007ffc2e8e0000 - 0x00007ffc2e8fa000 	C:\Users\Amemorte9\.jdks\openjdk-18.0.2\bin\VCRUNTIME140.dll
0x00007ffc3cc80000 - 0x00007ffc3ce21000 	C:\Windows\System32\USER32.dll
0x00007ffc26fa0000 - 0x00007ffc2723a000 	C:\Windows\WinSxS\amd64_microsoft.windows.common-controls_6595b64144ccf1df_6.0.19041.1110_none_60b5254171f9507e\COMCTL32.dll
0x00007ffc3b1c0000 - 0x00007ffc3b1e2000 	C:\Windows\System32\win32u.dll
0x00007ffc3c680000 - 0x00007ffc3c71e000 	C:\Windows\System32\msvcrt.dll
0x00007ffc3ce30000 - 0x00007ffc3ce5b000 	C:\Windows\System32\GDI32.dll
0x00007ffc3b0b0000 - 0x00007ffc3b1bf000 	C:\Windows\System32\gdi32full.dll
0x00007ffc3b2a0000 - 0x00007ffc3b33d000 	C:\Windows\System32\msvcp_win.dll
0x00007ffc3d730000 - 0x00007ffc3d762000 	C:\Windows\System32\IMM32.DLL
0x00007ffc36600000 - 0x00007ffc3660c000 	C:\Users\Amemorte9\.jdks\openjdk-18.0.2\bin\vcruntime140_1.dll
0x00007ffbecc80000 - 0x00007ffbecd0d000 	C:\Users\Amemorte9\.jdks\openjdk-18.0.2\bin\msvcp140.dll
0x00007ffbe7220000 - 0x00007ffbe7e31000 	C:\Users\Amemorte9\.jdks\openjdk-18.0.2\bin\server\jvm.dll
0x00007ffc3d770000 - 0x00007ffc3d81e000 	C:\Windows\System32\ADVAPI32.dll
0x00007ffc3d5b0000 - 0x00007ffc3d64c000 	C:\Windows\System32\sechost.dll
0x00007ffc3c550000 - 0x00007ffc3c675000 	C:\Windows\System32\RPCRT4.dll
0x00007ffc3d970000 - 0x00007ffc3d978000 	C:\Windows\System32\PSAPI.DLL
0x00007ffc35ce0000 - 0x00007ffc35cea000 	C:\Windows\SYSTEM32\VERSION.dll
0x00007ffc26f20000 - 0x00007ffc26f47000 	C:\Windows\SYSTEM32\WINMM.dll
0x00007ffc29630000 - 0x00007ffc29639000 	C:\Windows\SYSTEM32\WSOCK32.dll
0x00007ffc3d8a0000 - 0x00007ffc3d90b000 	C:\Windows\System32\WS2_32.dll
0x00007ffc38f50000 - 0x00007ffc38f62000 	C:\Windows\SYSTEM32\kernel.appcore.dll
0x00007ffc2ef10000 - 0x00007ffc2ef1a000 	C:\Users\Amemorte9\.jdks\openjdk-18.0.2\bin\jimage.dll
0x00007ffc28de0000 - 0x00007ffc28fc4000 	C:\Windows\SYSTEM32\DBGHELP.DLL
0x00007ffc28cc0000 - 0x00007ffc28cf5000 	C:\Windows\SYSTEM32\dbgcore.DLL
0x00007ffc3b7a0000 - 0x00007ffc3b822000 	C:\Windows\System32\bcryptPrimitives.dll
0x00007ffc0cf60000 - 0x00007ffc0cf6e000 	C:\Users\Amemorte9\.jdks\openjdk-18.0.2\bin\instrument.dll
0x00007ffc2b610000 - 0x00007ffc2b635000 	C:\Users\Amemorte9\.jdks\openjdk-18.0.2\bin\java.dll
0x00007ffbe9910000 - 0x00007ffbe99e6000 	C:\Users\Amemorte9\.jdks\openjdk-18.0.2\bin\jsvml.dll
0x00007ffc3bbe0000 - 0x00007ffc3c324000 	C:\Windows\System32\SHELL32.dll
0x00007ffc39150000 - 0x00007ffc398e2000 	C:\Windows\SYSTEM32\windows.storage.dll
0x00007ffc3cf90000 - 0x00007ffc3d2e5000 	C:\Windows\System32\combase.dll
0x00007ffc3aa30000 - 0x00007ffc3aa60000 	C:\Windows\SYSTEM32\Wldp.dll
0x00007ffc3bb30000 - 0x00007ffc3bbdd000 	C:\Windows\System32\SHCORE.dll
0x00007ffc3cbb0000 - 0x00007ffc3cc05000 	C:\Windows\System32\shlwapi.dll
0x00007ffc3aff0000 - 0x00007ffc3b00f000 	C:\Windows\SYSTEM32\profapi.dll
0x00007ffc056d0000 - 0x00007ffc056e8000 	C:\Users\Amemorte9\.jdks\openjdk-18.0.2\bin\zip.dll
0x00007ffc28410000 - 0x00007ffc28423000 	C:\Users\Amemorte9\.jdks\openjdk-18.0.2\bin\net.dll
0x00007ffc34970000 - 0x00007ffc34a7c000 	C:\Windows\SYSTEM32\WINHTTP.dll
0x00007ffc3a7a0000 - 0x00007ffc3a80a000 	C:\Windows\system32\mswsock.dll
0x00007ffc28300000 - 0x00007ffc28316000 	C:\Users\Amemorte9\.jdks\openjdk-18.0.2\bin\nio.dll
0x00007ffc03ee0000 - 0x00007ffc03efa000 	C:\Program Files\JetBrains\IntelliJ IDEA Community Edition 2022.2.3\bin\breakgen64.dll
0x00007ffc2b600000 - 0x00007ffc2b610000 	C:\Users\Amemorte9\.jdks\openjdk-18.0.2\bin\verify.dll
0x00007ffc282e0000 - 0x00007ffc282e9000 	C:\Users\Amemorte9\.jdks\openjdk-18.0.2\bin\management.dll
0x00007ffc16f60000 - 0x00007ffc16f6b000 	C:\Users\Amemorte9\.jdks\openjdk-18.0.2\bin\management_ext.dll
0x00007ffc16890000 - 0x00007ffc168a7000 	C:\Windows\system32\napinsp.dll
0x00007ffc16870000 - 0x00007ffc1688b000 	C:\Windows\system32\pnrpnsp.dll
0x00007ffc2a2a0000 - 0x00007ffc2a2b5000 	C:\Windows\system32\wshbth.dll
0x00007ffc36a60000 - 0x00007ffc36a7d000 	C:\Windows\system32\NLAapi.dll
0x00007ffc3a440000 - 0x00007ffc3a47b000 	C:\Windows\SYSTEM32\IPHLPAPI.DLL
0x00007ffc3a480000 - 0x00007ffc3a54a000 	C:\Windows\SYSTEM32\DNSAPI.dll
0x00007ffc3cc70000 - 0x00007ffc3cc78000 	C:\Windows\System32\NSI.dll
0x00007ffc16850000 - 0x00007ffc16862000 	C:\Windows\System32\winrnr.dll
0x00007ffc2fa60000 - 0x00007ffc2fa6a000 	C:\Windows\System32\rasadhlp.dll
0x00007ffc2f920000 - 0x00007ffc2f9a0000 	C:\Windows\System32\fwpuclnt.dll
0x00007ffc3b770000 - 0x00007ffc3b797000 	C:\Windows\System32\bcrypt.dll
0x00007ffc3aa70000 - 0x00007ffc3aa88000 	C:\Windows\SYSTEM32\CRYPTSP.dll
0x00007ffc3a070000 - 0x00007ffc3a0a4000 	C:\Windows\system32\rsaenh.dll
0x00007ffc3afb0000 - 0x00007ffc3afde000 	C:\Windows\SYSTEM32\USERENV.dll
0x00007ffc3a930000 - 0x00007ffc3a93c000 	C:\Windows\SYSTEM32\CRYPTBASE.dll
0x00007ffc34fc0000 - 0x00007ffc34fd7000 	C:\Windows\SYSTEM32\dhcpcsvc6.DLL
0x00007ffc34fa0000 - 0x00007ffc34fbd000 	C:\Windows\SYSTEM32\dhcpcsvc.DLL
0x00007ffc0b5a0000 - 0x00007ffc0b5ae000 	C:\Users\Amemorte9\.jdks\openjdk-18.0.2\bin\sunmscapi.dll
0x00007ffc3b830000 - 0x00007ffc3b986000 	C:\Windows\System32\CRYPT32.dll
0x00007ffc3ab80000 - 0x00007ffc3aba7000 	C:\Windows\SYSTEM32\ncrypt.dll
0x00007ffc3ab40000 - 0x00007ffc3ab7b000 	C:\Windows\SYSTEM32\NTASN1.dll

dbghelp: loaded successfully - version: 4.0.5 - missing functions: none
symbol engine: initialized successfully - sym options: 0x614 - pdb path: .;C:\Users\Amemorte9\.jdks\openjdk-18.0.2\bin;C:\Windows\SYSTEM32;C:\Windows\WinSxS\amd64_microsoft.windows.common-controls_6595b64144ccf1df_6.0.19041.1110_none_60b5254171f9507e;C:\Users\Amemorte9\.jdks\openjdk-18.0.2\bin\server;C:\Program Files\JetBrains\IntelliJ IDEA Community Edition 2022.2.3\bin

VM Arguments:
jvm_args: -javaagent:C:\Program Files\JetBrains\IntelliJ IDEA Community Edition 2022.2.3\lib\idea_rt.jar=5427:C:\Program Files\JetBrains\IntelliJ IDEA Community Edition 2022.2.3\bin -Dfile.encoding=UTF-8 -Dsun.stdout.encoding=UTF-8 -Dsun.stderr.encoding=UTF-8 
java_command: com.torocommunication.torofull.ToroFullApplication
java_class_path (initial): C:\Users\Amemorte9\Documents\GitHub\toro\target\classes;C:\Users\Amemorte9\.m2\repository\org\springframework\boot\spring-boot-starter-data-jpa\2.7.5\spring-boot-starter-data-jpa-2.7.5.jar;C:\Users\Amemorte9\.m2\repository\org\springframework\boot\spring-boot-starter-aop\2.7.5\spring-boot-starter-aop-2.7.5.jar;C:\Users\Amemorte9\.m2\repository\org\aspectj\aspectjweaver\1.9.7\aspectjweaver-1.9.7.jar;C:\Users\Amemorte9\.m2\repository\org\springframework\boot\spring-boot-starter-jdbc\2.7.5\spring-boot-starter-jdbc-2.7.5.jar;C:\Users\Amemorte9\.m2\repository\com\zaxxer\HikariCP\4.0.3\HikariCP-4.0.3.jar;C:\Users\Amemorte9\.m2\repository\org\springframework\spring-jdbc\5.3.23\spring-jdbc-5.3.23.jar;C:\Users\Amemorte9\.m2\repository\jakarta\transaction\jakarta.transaction-api\1.3.3\jakarta.transaction-api-1.3.3.jar;C:\Users\Amemorte9\.m2\repository\jakarta\persistence\jakarta.persistence-api\2.2.3\jakarta.persistence-api-2.2.3.jar;C:\Users\Amemorte9\.m2\repository\org\hibernate\hibernate-core\5.6.12.Final\hibernate-core-5.6.12.Final.jar;C:\Users\Amemorte9\.m2\repository\org\jboss\logging\jboss-logging\3.4.3.Final\jboss-logging-3.4.3.Final.jar;C:\Users\Amemorte9\.m2\repository\net\bytebuddy\byte-buddy\1.12.18\byte-buddy-1.12.18.jar;C:\Users\Amemorte9\.m2\repository\antlr\antlr\2.7.7\antlr-2.7.7.jar;C:\Users\Amemorte9\.m2\repository\org\jboss\jandex\2.4.2.Final\jandex-2.4.2.Final.jar;C:\Users\Amemorte9\.m2\repository\com\fasterxml\classmate\1.5.1\classmate-1.5.1.jar;C:\Users\Amemorte9\.m2\repository\org\hibernate\common\hibernate-commons-annotations\5.1.2.Final\hibernate-commons-annotations-5.1.2.Final.jar;C:\Users\Amemorte9\.m2\repository\org\glassfish\jaxb\jaxb-runtime\2.3.7\jaxb-runtime-2.3.7.jar;C:\Users\Amemorte9\.m2\repository\org\glassfish\jaxb\txw2\2.3.7\txw2-2.3.7.jar;C:\Users\Amemorte9\.m2\repository\com\sun\istack\istack-commons-runtime\3.0.12\istack-commons-runtime-3.0.12.jar;C:\Users\Amemorte9\.m2\repository\com\sun\activation\jakarta.activation\1.2.2\jakarta.activation-1.2.2.jar;C:\Users\Amemorte9\.m2\repository\org\springframework\data\spring-data-jpa\2.7.5\spring-data-jpa-2.7.5.jar;C:\Users\Amemorte9\.m2\repository\org\springframework\data\spring-data-commons\2.7.5\spring-data-commons-2.7.5.jar;C:\Users\Amemorte9\.m2\repository\org\springframework\spring-orm\5.3.23\spring-orm-5.3.23.jar;C:\Users\Amemorte9\.m2\repository\org\springframework\spring-context\5.3.23\spring-context-5.3.23.jar;C:\Users\Amemorte9\.m2\repository\org\springframework\spring-tx\5.3.23\spring-tx-5.3.23.jar;C:\Users\Amemorte9\.m2\repository\org\springframework\spring-beans\5.3.23\spring-beans-5.3.23.jar;C:\Users\Amemorte9\.m2\repository\org\slf4j\slf4j-api\1.7.36\slf4j-api-1.7.36.jar;C:\Users\Amemorte9\.m2\repository\org\springframework\spring-aspects\5.3.23\spring-aspects-5.3.23.jar;C:\Users\Amemorte9\.m2\repository\org\springframework\boot\spring-boot-starter-security\2.7.5\spring-boot-starter-security-2.7.5.jar;C:\Users\Amemorte9\.m2\repository\org\springframework\boot\spring-boot-starter\2.7.5\spring-boot-starter-2.7.5.jar;C:\Users\Amemorte9\.m2\repository\org\springframework\boot\spring-boot-starter-logging\2.7.5\spring-boot-starter-logging-2.7.5.jar;C:\Users\Amemorte9\.m2\repository\ch\qos\logback\logback-classic\1.2.11\logback-classic-1.2.11.jar;C:\Users\Amemorte9\.m2\repository\ch\qos\logback\logback-core\1.2.11\logback-core-1.2.11.jar;C:\Users\Amemorte9\.m2\repository\org\apache\logging\log4j\log4j-to-slf4j\2.17.2\log4j-to-slf4j-2.17.2.jar;C:\Users\Amemorte9\.m2\repository\org\apache\logging\log4j\log4j-api\2.17.2\log4j-api-2.17.2.jar;C:\Users\Amemorte9\.m2\repository\org\slf4j\jul-to-slf4j\1.7.36\jul-to-slf4j-1.7.36.jar;C:\Users\Amemorte9\.m2\repository\org\yaml\snakeyaml\1.30\snakeyaml-1.30.jar;C:\Users\Amemorte9\.m2\repository\org\springframework\spring-aop\5.3.23\spring-aop-5.3.23.jar;C:\Users\Amemorte9\.m2\repository\org\springframework\security\spring-security-config\5.7.4\spring-security-config-5.7.4.jar;C:\Users\Amemorte9\.m2\repository\org\springframework\security\spring-security-web\5.7.4\spring-security-web-5.7.4.jar;C:\Users\Amemorte9\.m2\repository\org\springframework\spring-expression\5.3.23\spring-expression-5.3.23.jar;C:\Users\Amemorte9\.m2\repository\org\springframework\boot\spring-boot-starter-web\2.7.5\spring-boot-starter-web-2.7.5.jar;C:\Users\Amemorte9\.m2\repository\org\springframework\boot\spring-boot-starter-json\2.7.5\spring-boot-starter-json-2.7.5.jar;C:\Users\Amemorte9\.m2\repository\com\fasterxml\jackson\datatype\jackson-datatype-jdk8\2.13.4\jackson-datatype-jdk8-2.13.4.jar;C:\Users\Amemorte9\.m2\repository\com\fasterxml\jackson\datatype\jackson-datatype-jsr310\2.13.4\jackson-datatype-jsr310-2.13.4.jar;C:\Users\Amemorte9\.m2\repository\com\fasterxml\jackson\module\jackson-module-parameter-names\2.13.4\jackson-module-parameter-names-2.13.4.jar;C:\Users\Amemorte9\.m2\repository\org\springframework\spring-web\5.3.23\spring-web-5.3.23.jar;C:\Users\Amemorte9\.m2\repository\org\springframework\spring-webmvc\5.3.23\spring-webmvc-5.3.23.jar;C:\Users\Amemorte9\.m2\repository\org\springframework\boot\spring-boot-devtools\2.7.5\spring-boot-devtools-2.7.5.jar;C:\Users\Amemorte9\.m2\repository\org\springframework\boot\spring-boot\2.7.5\spring-boot-2.7.5.jar;C:\Users\Amemorte9\.m2\repository\org\springframework\boot\spring-boot-autoconfigure\2.7.5\spring-boot-autoconfigure-2.7.5.jar;C:\Users\Amemorte9\.m2\repository\com\mysql\mysql-connector-j\8.0.31\mysql-connector-j-8.0.31.jar;C:\Users\Amemorte9\.m2\repository\org\projectlombok\lombok\1.18.24\lombok-1.18.24.jar;C:\Users\Amemorte9\.m2\repository\jakarta\xml\bind\jakarta.xml.bind-api\2.3.3\jakarta.xml.bind-api-2.3.3.jar;C:\Users\Amemorte9\.m2\repository\jakarta\activation\jakarta.activation-api\1.2.2\jakarta.activation-api-1.2.2.jar;C:\Users\Amemorte9\.m2\repository\org\springframework\spring-core\5.3.23\spring-core-5.3.23.jar;C:\Users\Amemorte9\.m2\repository\org\springframework\spring-jcl\5.3.23\spring-jcl-5.3.23.jar;C:\Users\Amemorte9\.m2\repository\org\springframework\security\spring-security-core\5.7.4\spring-security-core-5.7.4.jar;C:\Users\Amemorte9\.m2\repository\org\springframework\security\spring-security-crypto\5.7.4\spring-security-crypto-5.7.4.jar;C:\Users\Amemorte9\.m2\repository\com\sun\mail\javax.mail\1.6.2\javax.mail-1.6.2.jar;C:\Users\Amemorte9\.m2\repository\javax\activation\activation\1.1\activation-1.1.jar;C:\Users\Amemorte9\.m2\repository\org\apache\commons\commons-lang3\3.12.0\commons-lang3-3.12.0.jar;C:\Users\Amemorte9\.m2\repository\com\google\guava\guava\31.0.1-jre\guava-31.0.1-jre.jar;C:\Users\Amemorte9\.m2\repository\com\google\guava\failureaccess\1.0.1\failureaccess-1.0.1.jar;C:\Users\Amemorte9\.m2\repository\com\google\guava\listenablefuture\9999.0-empty-to-avoid-conflict-with-guava\listenablefuture-9999.0-empty-to-avoid-conflict-with-guava.jar;C:\Users\Amemorte9\.m2\repository\com\google\code\findbugs\jsr305\3.0.2\jsr305-3.0.2.jar;C:\Users\Amemorte9\.m2\repository\org\checkerframework\checker-qual\3.12.0\checker-qual-3.12.0.jar;C:\Users\Amemorte9\.m2\repository\com\google\errorprone\error_prone_annotations\2.7.1\error_prone_annotations-2.7.1.jar;C:\Users\Amemorte9\.m2\repository\com\google\j2objc\j2objc-annotations\1.3\j2objc-annotations-1.3.jar;C:\Users\Amemorte9\.m2\repository\com\auth0\java-jwt\3.18.2\java-jwt-3.18.2.jar;C:\Users\Amemorte9\.m2\repository\com\fasterxml\jackson\core\jackson-databind\2.13.4.2\jackson-databind-2.13.4.2.jar;C:\Users\Amemorte9\.m2\repository\com\fasterxml\jackson\core\jackson-annotations\2.13.4\jackson-annotations-2.13.4.jar;C:\Users\Amemorte9\.m2\repository\com\fasterxml\jackson\core\jackson-core\2.13.4\jackson-core-2.13.4.jar;C:\Users\Amemorte9\.m2\repository\org\assertj\assertj-core\3.21.0\assertj-core-3.21.0.jar;C:\Users\Amemorte9\.m2\repository\org\springframework\boot\spring-boot-starter-tomcat\2.7.5\spring-boot-starter-tomcat-2.7.5.jar;C:\Users\Amemorte9\.m2\repository\jakarta\annotation\jakarta.annotation-api\1.3.5\jakarta.annotation-api-1.3.5.jar;C:\Users\Amemorte9\.m2\repository\org\apache\tomcat\embed\tomcat-embed-core\9.0.68\tomcat-embed-core-9.0.68.jar;C:\Users\Amemorte9\.m2\repository\org\apache\tomcat\embed\tomcat-embed-el\9.0.68\tomcat-embed-el-9.0.68.jar;C:\Users\Amemorte9\.m2\repository\org\apache\tomcat\embed\tomcat-embed-websocket\9.0.68\tomcat-embed-websocket-9.0.68.jar
Launcher Type: SUN_STANDARD

[Global flags]
     intx CICompilerCount                          = 4                                         {product} {ergonomic}
     uint ConcGCThreads                            = 2                                         {product} {ergonomic}
     uint G1ConcRefinementThreads                  = 8                                         {product} {ergonomic}
   size_t G1HeapRegionSize                         = 4194304                                   {product} {ergonomic}
    uintx GCDrainStackTargetSize                   = 64                                        {product} {ergonomic}
   size_t InitialHeapSize                          = 536870912                                 {product} {ergonomic}
   size_t MarkStackSize                            = 4194304                                   {product} {ergonomic}
   size_t MaxHeapSize                              = 8560574464                                {product} {ergonomic}
   size_t MaxNewSize                               = 5133828096                                {product} {ergonomic}
   size_t MinHeapDeltaBytes                        = 4194304                                   {product} {ergonomic}
   size_t MinHeapSize                              = 8388608                                   {product} {ergonomic}
    uintx NonNMethodCodeHeapSize                   = 5839372                                {pd product} {ergonomic}
    uintx NonProfiledCodeHeapSize                  = 122909434                              {pd product} {ergonomic}
    uintx ProfiledCodeHeapSize                     = 122909434                              {pd product} {ergonomic}
    uintx ReservedCodeCacheSize                    = 251658240                              {pd product} {ergonomic}
     bool SegmentedCodeCache                       = true                                      {product} {ergonomic}
   size_t SoftMaxHeapSize                          = 8560574464                             {manageable} {ergonomic}
     bool UseCompressedClassPointers               = true                           {product lp64_product} {ergonomic}
     bool UseCompressedOops                        = true                           {product lp64_product} {ergonomic}
     bool UseG1GC                                  = true                                      {product} {ergonomic}
     bool UseLargePagesIndividualAllocation        = false                                  {pd product} {ergonomic}

Logging:
Log output configuration:
 #0: stdout all=warning uptime,level,tags foldmultilines=false
 #1: stderr all=off uptime,level,tags foldmultilines=false

Environment Variables:
PATH=C:\Program Files\Common Files\Oracle\Java\javapath;C:\Program Files (x86)\Common Files\Oracle\Java\javapath;C:\Program Files\Microsoft\jdk-11.0.12.7-hotspot\bin;C:\Windows\system32;C:\Windows;C:\Windows\System32\Wbem;C:\Windows\System32\WindowsPowerShell\v1.0\;C:\Windows\System32\OpenSSH\;C:\Users\BootCamp\Documents\flutter\bin;C:\Program Files\Docker\Docker\resources\bin;C:\ProgramData\DockerDesktop\version-bin;C:\Program Files\Microsoft VS Code\bin;C:\Program Files\dotnet\;C:\src\flutter\bin;C:\Program Files\Microsoft SQL Server\150\Tools\Binn\;C:\Users\Amemorte9\AppData\Roaming\npm;C:\Users\Amemorte9\AppData\Roaming\npm\node_modules\@angular\cli;C:\Users\Amemorte9\AppData\Roaming\npm\node_modules\@angular\cli\bin;C:\Users\Amemorte9\AppData\Roaming\npm;C:\Program Files\nodejs\;C:\Users\Amemorte9\AppData\Local\Microsoft\WindowsApps;C:\Users\Amemorte9\AppData\Local\Programs\Git\cmd;C:\Users\Amemorte9\AppData\Local\GitHubDesktop\bin;C:\Users\Amemorte9\AppData\Roaming\npm
USERNAME=Amemorte9
OS=Windows_NT
PROCESSOR_IDENTIFIER=Intel64 Family 6 Model 94 Stepping 3, GenuineIntel



---------------  S Y S T E M  ---------------

OS:
 Windows 10 , 64 bit Build 19041 (10.0.19041.2364)
OS uptime: 2 days 9:56 hours
Hyper-V role detected

CPU: total 8 (initial active 8) (4 cores per cpu, 2 threads per core) family 6 model 94 stepping 3 microcode 0xf0, cx8, cmov, fxsr, ht, mmx, 3dnowpref, sse, sse2, sse3, ssse3, sse4.1, sse4.2, popcnt, lzcnt, tsc, tscinvbit, avx, avx2, aes, erms, clmul, bmi1, bmi2, rtm, adx, fma, vzeroupper, clflush, clflushopt, hv

Memory: 4k page, system-wide physical 32647M (9141M free)
TotalPageFile size 41299M (AvailPageFile size 12M)
current process WorkingSet (physical memory assigned to process): 247M, peak: 296M
current process commit charge ("private bytes"): 336M, peak: 674M

vm_info: OpenJDK 64-Bit Server VM (18.0.2+9-61) for windows-amd64 JRE (18.0.2+9-61), built on Jun  7 2022 13:05:59 by "mach5one" with MS VC++ 16.8 / 16.9 (VS2019)

END.
